<?xml version="1.0" encoding="UTF-8"?>
<!-- Generated by org.testng.reporters.JUnitXMLReporter -->
<testsuite hostname="WIN-NFDCINOH1RK" ignored="1" name="TestCase2" tests="2" failures="0" timestamp="2020-02-27T08:52:19 UTC" time="0.151" errors="0">
  <testcase name="testLoginDemoableShop" time="0.0" classname="SeleniumPkg.DataProviderTest">
    <skipped/>
  </testcase> <!-- testLoginDemoableShop -->
  <testcase name="testLoginDemoableShop" time="0.0" classname="SeleniumPkg.DataProviderTest">
    <skipped/>
  </testcase> <!-- testLoginDemoableShop -->
  <testcase name="testDDT" time="0.0" classname="SeleniumPkg.DataProviderTest">
    <ignored/>
  </testcase> <!-- testDDT -->
</testsuite> <!-- TestCase2 -->
