<?xml version="1.0" encoding="UTF-8"?>
<!-- Generated by org.testng.reporters.JUnitXMLReporter -->
<testsuite hostname="WIN-NFDCINOH1RK" ignored="1" name="TestCase1" tests="2" failures="0" timestamp="2020-02-27T09:15:05 UTC" time="20.582" errors="0">
  <testcase name="testLoginDemoableShop" time="5.6" classname="SeleniumPkg.DataProviderTest"/>
  <testcase name="testLoginDemoableShop" time="4.481" classname="SeleniumPkg.DataProviderTest"/>
  <testcase name="testDDT" time="0.0" classname="SeleniumPkg.DataProviderTest">
    <ignored/>
  </testcase> <!-- testDDT -->
</testsuite> <!-- TestCase1 -->
